Analysis & Synthesis report for CPU
Sun Oct 17 12:34:20 2021
Quartus Prime Version 16.0.0 Build 211 04/27/2016 SJ Lite Edition


---------------------
; Table of Contents ;
---------------------
  1. Legal Notice
  2. Analysis & Synthesis Summary
  3. Analysis & Synthesis Settings
  4. Parallel Compilation
  5. Analysis & Synthesis Source Files Read
  6. Analysis & Synthesis Resource Usage Summary
  7. Analysis & Synthesis Resource Utilization by Entity
  8. Analysis & Synthesis IP Cores Summary
  9. Registers Removed During Synthesis
 10. General Register Statistics
 11. Source assignments for imem:my_imem|altsyncram:altsyncram_component|altsyncram_m591:auto_generated
 12. Source assignments for dmem:my_dmem|altsyncram:altsyncram_component|altsyncram_1eh1:auto_generated
 13. Parameter Settings for User Entity Instance: imem:my_imem|altsyncram:altsyncram_component
 14. Parameter Settings for User Entity Instance: dmem:my_dmem|altsyncram:altsyncram_component
 15. altsyncram Parameter Settings by Entity Instance
 16. Port Connectivity Checks: "processor:my_processor|alu:Alu"
 17. Port Connectivity Checks: "processor:my_processor"
 18. Port Connectivity Checks: "dmem:my_dmem"
 19. Post-Synthesis Netlist Statistics for Top Partition
 20. Elapsed Time Per Partition
 21. Analysis & Synthesis Messages
 22. Analysis & Synthesis Suppressed Messages



----------------
; Legal Notice ;
----------------
Copyright (C) 1991-2016 Altera Corporation. All rights reserved.
Your use of Altera Corporation's design tools, logic functions 
and other software and tools, and its AMPP partner logic 
functions, and any output files from any of the foregoing 
(including device programming or simulation files), and any 
associated documentation or information are expressly subject 
to the terms and conditions of the Altera Program License 
Subscription Agreement, the Altera Quartus Prime License Agreement,
the Altera MegaCore Function License Agreement, or other 
applicable license agreement, including, without limitation, 
that your use is for the sole purpose of programming logic 
devices manufactured by Altera and sold by Altera or its 
authorized distributors.  Please refer to the applicable 
agreement for further details.



+----------------------------------------------------------------------------------+
; Analysis & Synthesis Summary                                                     ;
+------------------------------------+---------------------------------------------+
; Analysis & Synthesis Status        ; Successful - Sun Oct 17 12:34:20 2021       ;
; Quartus Prime Version              ; 16.0.0 Build 211 04/27/2016 SJ Lite Edition ;
; Revision Name                      ; CPU                                         ;
; Top-level Entity Name              ; skeleton                                    ;
; Family                             ; Cyclone IV E                                ;
; Total logic elements               ; 2                                           ;
;     Total combinational functions  ; 2                                           ;
;     Dedicated logic registers      ; 2                                           ;
; Total registers                    ; 2                                           ;
; Total pins                         ; 6                                           ;
; Total virtual pins                 ; 0                                           ;
; Total memory bits                  ; 0                                           ;
; Embedded Multiplier 9-bit elements ; 0                                           ;
; Total PLLs                         ; 0                                           ;
+------------------------------------+---------------------------------------------+


+----------------------------------------------------------------------------------------------------------------------+
; Analysis & Synthesis Settings                                                                                        ;
+----------------------------------------------------------------------------+--------------------+--------------------+
; Option                                                                     ; Setting            ; Default Value      ;
+----------------------------------------------------------------------------+--------------------+--------------------+
; Device                                                                     ; EP4CE115F29C7      ;                    ;
; Top-level entity name                                                      ; skeleton           ; CPU                ;
; Family name                                                                ; Cyclone IV E       ; Cyclone V          ;
; Use smart compilation                                                      ; Off                ; Off                ;
; Enable parallel Assembler and TimeQuest Timing Analyzer during compilation ; On                 ; On                 ;
; Enable compact report table                                                ; Off                ; Off                ;
; Restructure Multiplexers                                                   ; Auto               ; Auto               ;
; Create Debugging Nodes for IP Cores                                        ; Off                ; Off                ;
; Preserve fewer node names                                                  ; On                 ; On                 ;
; Disable OpenCore Plus hardware evaluation                                  ; Off                ; Off                ;
; Verilog Version                                                            ; Verilog_2001       ; Verilog_2001       ;
; VHDL Version                                                               ; VHDL_1993          ; VHDL_1993          ;
; State Machine Processing                                                   ; Auto               ; Auto               ;
; Safe State Machine                                                         ; Off                ; Off                ;
; Extract Verilog State Machines                                             ; On                 ; On                 ;
; Extract VHDL State Machines                                                ; On                 ; On                 ;
; Ignore Verilog initial constructs                                          ; Off                ; Off                ;
; Iteration limit for constant Verilog loops                                 ; 5000               ; 5000               ;
; Iteration limit for non-constant Verilog loops                             ; 250                ; 250                ;
; Add Pass-Through Logic to Inferred RAMs                                    ; On                 ; On                 ;
; Infer RAMs from Raw Logic                                                  ; On                 ; On                 ;
; Parallel Synthesis                                                         ; On                 ; On                 ;
; DSP Block Balancing                                                        ; Auto               ; Auto               ;
; NOT Gate Push-Back                                                         ; On                 ; On                 ;
; Power-Up Don't Care                                                        ; On                 ; On                 ;
; Remove Redundant Logic Cells                                               ; Off                ; Off                ;
; Remove Duplicate Registers                                                 ; On                 ; On                 ;
; Ignore CARRY Buffers                                                       ; Off                ; Off                ;
; Ignore CASCADE Buffers                                                     ; Off                ; Off                ;
; Ignore GLOBAL Buffers                                                      ; Off                ; Off                ;
; Ignore ROW GLOBAL Buffers                                                  ; Off                ; Off                ;
; Ignore LCELL Buffers                                                       ; Off                ; Off                ;
; Ignore SOFT Buffers                                                        ; On                 ; On                 ;
; Limit AHDL Integers to 32 Bits                                             ; Off                ; Off                ;
; Optimization Technique                                                     ; Balanced           ; Balanced           ;
; Carry Chain Length                                                         ; 70                 ; 70                 ;
; Auto Carry Chains                                                          ; On                 ; On                 ;
; Auto Open-Drain Pins                                                       ; On                 ; On                 ;
; Perform WYSIWYG Primitive Resynthesis                                      ; Off                ; Off                ;
; Auto ROM Replacement                                                       ; On                 ; On                 ;
; Auto RAM Replacement                                                       ; On                 ; On                 ;
; Auto DSP Block Replacement                                                 ; On                 ; On                 ;
; Auto Shift Register Replacement                                            ; Auto               ; Auto               ;
; Allow Shift Register Merging across Hierarchies                            ; Auto               ; Auto               ;
; Auto Clock Enable Replacement                                              ; On                 ; On                 ;
; Strict RAM Replacement                                                     ; Off                ; Off                ;
; Allow Synchronous Control Signals                                          ; On                 ; On                 ;
; Force Use of Synchronous Clear Signals                                     ; Off                ; Off                ;
; Auto RAM Block Balancing                                                   ; On                 ; On                 ;
; Auto RAM to Logic Cell Conversion                                          ; Off                ; Off                ;
; Auto Resource Sharing                                                      ; Off                ; Off                ;
; Allow Any RAM Size For Recognition                                         ; Off                ; Off                ;
; Allow Any ROM Size For Recognition                                         ; Off                ; Off                ;
; Allow Any Shift Register Size For Recognition                              ; Off                ; Off                ;
; Use LogicLock Constraints during Resource Balancing                        ; On                 ; On                 ;
; Ignore translate_off and synthesis_off directives                          ; Off                ; Off                ;
; Timing-Driven Synthesis                                                    ; On                 ; On                 ;
; Report Parameter Settings                                                  ; On                 ; On                 ;
; Report Source Assignments                                                  ; On                 ; On                 ;
; Report Connectivity Checks                                                 ; On                 ; On                 ;
; Ignore Maximum Fan-Out Assignments                                         ; Off                ; Off                ;
; Synchronization Register Chain Length                                      ; 2                  ; 2                  ;
; PowerPlay Power Optimization During Synthesis                              ; Normal compilation ; Normal compilation ;
; HDL message level                                                          ; Level2             ; Level2             ;
; Suppress Register Optimization Related Messages                            ; Off                ; Off                ;
; Number of Removed Registers Reported in Synthesis Report                   ; 5000               ; 5000               ;
; Number of Swept Nodes Reported in Synthesis Report                         ; 5000               ; 5000               ;
; Number of Inverted Registers Reported in Synthesis Report                  ; 100                ; 100                ;
; Clock MUX Protection                                                       ; On                 ; On                 ;
; Auto Gated Clock Conversion                                                ; Off                ; Off                ;
; Block Design Naming                                                        ; Auto               ; Auto               ;
; SDC constraint protection                                                  ; Off                ; Off                ;
; Synthesis Effort                                                           ; Auto               ; Auto               ;
; Shift Register Replacement - Allow Asynchronous Clear Signal               ; On                 ; On                 ;
; Pre-Mapping Resynthesis Optimization                                       ; Off                ; Off                ;
; Analysis & Synthesis Message Level                                         ; Medium             ; Medium             ;
; Disable Register Merging Across Hierarchies                                ; Auto               ; Auto               ;
; Resource Aware Inference For Block RAM                                     ; On                 ; On                 ;
; Synthesis Seed                                                             ; 1                  ; 1                  ;
+----------------------------------------------------------------------------+--------------------+--------------------+


+------------------------------------------+
; Parallel Compilation                     ;
+----------------------------+-------------+
; Processors                 ; Number      ;
+----------------------------+-------------+
; Number detected on machine ; 8           ;
; Maximum allowed            ; 4           ;
;                            ;             ;
; Average used               ; 1.00        ;
; Maximum used               ; 4           ;
;                            ;             ;
; Usage by Processor         ; % Time Used ;
;     Processor 1            ; 100.0%      ;
;     Processors 2-4         ;   0.0%      ;
+----------------------------+-------------+


+-------------------------------------------------------------------------------------------------------------------------------------------------------------------------------------------+
; Analysis & Synthesis Source Files Read                                                                                                                                                    ;
+----------------------------------+-----------------+----------------------------------------+-----------------------------------------------------------------------------------+---------+
; File Name with User-Entered Path ; Used in Netlist ; File Type                              ; File Name with Absolute Path                                                      ; Library ;
+----------------------------------+-----------------+----------------------------------------+-----------------------------------------------------------------------------------+---------+
; alu.v                            ; yes             ; User Verilog HDL File                  ; C:/Users/86156/Documents/GitHub/ECE550_project1/Processor/alu.v                   ;         ;
; regfile.v                        ; yes             ; User Verilog HDL File                  ; C:/Users/86156/Documents/GitHub/ECE550_project1/Processor/regfile.v               ;         ;
; skeleton.v                       ; yes             ; User Verilog HDL File                  ; C:/Users/86156/Documents/GitHub/ECE550_project1/Processor/skeleton.v              ;         ;
; processor.v                      ; yes             ; User Verilog HDL File                  ; C:/Users/86156/Documents/GitHub/ECE550_project1/Processor/processor.v             ;         ;
; imem.v                           ; yes             ; User Wizard-Generated File             ; C:/Users/86156/Documents/GitHub/ECE550_project1/Processor/imem.v                  ;         ;
; dmem.v                           ; yes             ; User Wizard-Generated File             ; C:/Users/86156/Documents/GitHub/ECE550_project1/Processor/dmem.v                  ;         ;
; pc_counter.v                     ; yes             ; User Verilog HDL File                  ; C:/Users/86156/Documents/GitHub/ECE550_project1/Processor/pc_counter.v            ;         ;
; frequency_divider_by2.v          ; yes             ; User Verilog HDL File                  ; C:/Users/86156/Documents/GitHub/ECE550_project1/Processor/frequency_divider_by2.v ;         ;
; dmem.mif                         ; yes             ; User Memory Initialization File        ; C:/Users/86156/Documents/GitHub/ECE550_project1/Processor/dmem.mif                ;         ;
; altsyncram.tdf                   ; yes             ; Megafunction                           ; d:/softwares/quartus/quartus/libraries/megafunctions/altsyncram.tdf               ;         ;
; stratix_ram_block.inc            ; yes             ; Megafunction                           ; d:/softwares/quartus/quartus/libraries/megafunctions/stratix_ram_block.inc        ;         ;
; lpm_mux.inc                      ; yes             ; Megafunction                           ; d:/softwares/quartus/quartus/libraries/megafunctions/lpm_mux.inc                  ;         ;
; lpm_decode.inc                   ; yes             ; Megafunction                           ; d:/softwares/quartus/quartus/libraries/megafunctions/lpm_decode.inc               ;         ;
; aglobal160.inc                   ; yes             ; Megafunction                           ; d:/softwares/quartus/quartus/libraries/megafunctions/aglobal160.inc               ;         ;
; a_rdenreg.inc                    ; yes             ; Megafunction                           ; d:/softwares/quartus/quartus/libraries/megafunctions/a_rdenreg.inc                ;         ;
; altrom.inc                       ; yes             ; Megafunction                           ; d:/softwares/quartus/quartus/libraries/megafunctions/altrom.inc                   ;         ;
; altram.inc                       ; yes             ; Megafunction                           ; d:/softwares/quartus/quartus/libraries/megafunctions/altram.inc                   ;         ;
; altdpram.inc                     ; yes             ; Megafunction                           ; d:/softwares/quartus/quartus/libraries/megafunctions/altdpram.inc                 ;         ;
; db/altsyncram_m591.tdf           ; yes             ; Auto-Generated Megafunction            ; C:/Users/86156/Documents/GitHub/ECE550_project1/Processor/db/altsyncram_m591.tdf  ;         ;
; imem.mif                         ; yes             ; Auto-Found Memory Initialization File  ; C:/Users/86156/Documents/GitHub/ECE550_project1/Processor/imem.mif                ;         ;
; db/altsyncram_1eh1.tdf           ; yes             ; Auto-Generated Megafunction            ; C:/Users/86156/Documents/GitHub/ECE550_project1/Processor/db/altsyncram_1eh1.tdf  ;         ;
+----------------------------------+-----------------+----------------------------------------+-----------------------------------------------------------------------------------+---------+


+--------------------------------------------------------------------------------------+
; Analysis & Synthesis Resource Usage Summary                                          ;
+---------------------------------------------+----------------------------------------+
; Resource                                    ; Usage                                  ;
+---------------------------------------------+----------------------------------------+
; Estimated Total logic elements              ; 2                                      ;
;                                             ;                                        ;
; Total combinational functions               ; 2                                      ;
; Logic element usage by number of LUT inputs ;                                        ;
;     -- 4 input functions                    ; 0                                      ;
;     -- 3 input functions                    ; 0                                      ;
;     -- <=2 input functions                  ; 2                                      ;
;                                             ;                                        ;
; Logic elements by mode                      ;                                        ;
;     -- normal mode                          ; 2                                      ;
;     -- arithmetic mode                      ; 0                                      ;
;                                             ;                                        ;
; Total registers                             ; 2                                      ;
;     -- Dedicated logic registers            ; 2                                      ;
;     -- I/O registers                        ; 0                                      ;
;                                             ;                                        ;
; I/O pins                                    ; 6                                      ;
;                                             ;                                        ;
; Embedded Multiplier 9-bit elements          ; 0                                      ;
;                                             ;                                        ;
; Maximum fan-out node                        ; frequency_divider_by2:frediv_1|out_clk ;
; Maximum fan-out                             ; 3                                      ;
; Total fan-out                               ; 18                                     ;
; Average fan-out                             ; 1.13                                   ;
+---------------------------------------------+----------------------------------------+


+-----------------------------------------------------------------------------------------------------------------------------------------------------------------------------------------------------------------------------------+
; Analysis & Synthesis Resource Utilization by Entity                                                                                                                                                                               ;
+-------------------------------------+-------------------+--------------+-------------+--------------+---------+-----------+------+--------------+------------------------------------------+-----------------------+--------------+
; Compilation Hierarchy Node          ; LC Combinationals ; LC Registers ; Memory Bits ; DSP Elements ; DSP 9x9 ; DSP 18x18 ; Pins ; Virtual Pins ; Full Hierarchy Name                      ; Entity Name           ; Library Name ;
+-------------------------------------+-------------------+--------------+-------------+--------------+---------+-----------+------+--------------+------------------------------------------+-----------------------+--------------+
; |skeleton                           ; 2 (0)             ; 2 (0)        ; 0           ; 0            ; 0       ; 0         ; 6    ; 0            ; |skeleton                                ; skeleton              ; work         ;
;    |frequency_divider_by2:frediv_1| ; 1 (1)             ; 1 (1)        ; 0           ; 0            ; 0       ; 0         ; 0    ; 0            ; |skeleton|frequency_divider_by2:frediv_1 ; frequency_divider_by2 ; work         ;
;    |frequency_divider_by2:frediv_2| ; 1 (1)             ; 1 (1)        ; 0           ; 0            ; 0       ; 0         ; 0    ; 0            ; |skeleton|frequency_divider_by2:frediv_2 ; frequency_divider_by2 ; work         ;
+-------------------------------------+-------------------+--------------+-------------+--------------+---------+-----------+------+--------------+------------------------------------------+-----------------------+--------------+
Note: For table entries with two numbers listed, the numbers in parentheses indicate the number of resources of the given type used by the specific entity alone. The numbers listed outside of parentheses indicate the total resources of the given type used by the specific entity and all of its sub-entities in the hierarchy.


+----------------------------------------------------------------------------------------------------------+
; Analysis & Synthesis IP Cores Summary                                                                    ;
+--------+--------------+---------+--------------+--------------+------------------------+-----------------+
; Vendor ; IP Core Name ; Version ; Release Date ; License Type ; Entity Instance        ; IP Include File ;
+--------+--------------+---------+--------------+--------------+------------------------+-----------------+
; Altera ; RAM: 1-PORT  ; 16.0    ; N/A          ; N/A          ; |skeleton|dmem:my_dmem ; dmem.v          ;
; Altera ; ROM: 1-PORT  ; 16.0    ; N/A          ; N/A          ; |skeleton|imem:my_imem ; imem.v          ;
+--------+--------------+---------+--------------+--------------+------------------------+-----------------+


+---------------------------------------------------------------------------------+
; Registers Removed During Synthesis                                              ;
+------------------------------------------------------------+--------------------+
; Register name                                              ; Reason for Removal ;
+------------------------------------------------------------+--------------------+
; processor:my_processor|pc_counter:Pc_counter|new_pc[0..11] ; Lost fanout        ;
; Total Number of Removed Registers = 12                     ;                    ;
+------------------------------------------------------------+--------------------+


+------------------------------------------------------+
; General Register Statistics                          ;
+----------------------------------------------+-------+
; Statistic                                    ; Value ;
+----------------------------------------------+-------+
; Total registers                              ; 2     ;
; Number of registers using Synchronous Clear  ; 0     ;
; Number of registers using Synchronous Load   ; 0     ;
; Number of registers using Asynchronous Clear ; 0     ;
; Number of registers using Asynchronous Load  ; 0     ;
; Number of registers using Clock Enable       ; 0     ;
; Number of registers using Preset             ; 0     ;
+----------------------------------------------+-------+


+----------------------------------------------------------------------------------------------------+
; Source assignments for imem:my_imem|altsyncram:altsyncram_component|altsyncram_m591:auto_generated ;
+---------------------------------+--------------------+------+--------------------------------------+
; Assignment                      ; Value              ; From ; To                                   ;
+---------------------------------+--------------------+------+--------------------------------------+
; OPTIMIZE_POWER_DURING_SYNTHESIS ; NORMAL_COMPILATION ; -    ; -                                    ;
+---------------------------------+--------------------+------+--------------------------------------+


+----------------------------------------------------------------------------------------------------+
; Source assignments for dmem:my_dmem|altsyncram:altsyncram_component|altsyncram_1eh1:auto_generated ;
+---------------------------------+--------------------+------+--------------------------------------+
; Assignment                      ; Value              ; From ; To                                   ;
+---------------------------------+--------------------+------+--------------------------------------+
; OPTIMIZE_POWER_DURING_SYNTHESIS ; NORMAL_COMPILATION ; -    ; -                                    ;
+---------------------------------+--------------------+------+--------------------------------------+


+-------------------------------------------------------------------------------------------+
; Parameter Settings for User Entity Instance: imem:my_imem|altsyncram:altsyncram_component ;
+------------------------------------+----------------------+-------------------------------+
; Parameter Name                     ; Value                ; Type                          ;
+------------------------------------+----------------------+-------------------------------+
; BYTE_SIZE_BLOCK                    ; 8                    ; Untyped                       ;
; AUTO_CARRY_CHAINS                  ; ON                   ; AUTO_CARRY                    ;
; IGNORE_CARRY_BUFFERS               ; OFF                  ; IGNORE_CARRY                  ;
; AUTO_CASCADE_CHAINS                ; ON                   ; AUTO_CASCADE                  ;
; IGNORE_CASCADE_BUFFERS             ; OFF                  ; IGNORE_CASCADE                ;
; WIDTH_BYTEENA                      ; 1                    ; Untyped                       ;
; OPERATION_MODE                     ; ROM                  ; Untyped                       ;
; WIDTH_A                            ; 32                   ; Signed Integer                ;
; WIDTHAD_A                          ; 12                   ; Signed Integer                ;
; NUMWORDS_A                         ; 4096                 ; Signed Integer                ;
; OUTDATA_REG_A                      ; CLOCK0               ; Untyped                       ;
; ADDRESS_ACLR_A                     ; NONE                 ; Untyped                       ;
; OUTDATA_ACLR_A                     ; NONE                 ; Untyped                       ;
; WRCONTROL_ACLR_A                   ; NONE                 ; Untyped                       ;
; INDATA_ACLR_A                      ; NONE                 ; Untyped                       ;
; BYTEENA_ACLR_A                     ; NONE                 ; Untyped                       ;
; WIDTH_B                            ; 1                    ; Untyped                       ;
; WIDTHAD_B                          ; 1                    ; Untyped                       ;
; NUMWORDS_B                         ; 1                    ; Untyped                       ;
; INDATA_REG_B                       ; CLOCK1               ; Untyped                       ;
; WRCONTROL_WRADDRESS_REG_B          ; CLOCK1               ; Untyped                       ;
; RDCONTROL_REG_B                    ; CLOCK1               ; Untyped                       ;
; ADDRESS_REG_B                      ; CLOCK1               ; Untyped                       ;
; OUTDATA_REG_B                      ; UNREGISTERED         ; Untyped                       ;
; BYTEENA_REG_B                      ; CLOCK1               ; Untyped                       ;
; INDATA_ACLR_B                      ; NONE                 ; Untyped                       ;
; WRCONTROL_ACLR_B                   ; NONE                 ; Untyped                       ;
; ADDRESS_ACLR_B                     ; NONE                 ; Untyped                       ;
; OUTDATA_ACLR_B                     ; NONE                 ; Untyped                       ;
; RDCONTROL_ACLR_B                   ; NONE                 ; Untyped                       ;
; BYTEENA_ACLR_B                     ; NONE                 ; Untyped                       ;
; WIDTH_BYTEENA_A                    ; 1                    ; Signed Integer                ;
; WIDTH_BYTEENA_B                    ; 1                    ; Untyped                       ;
; RAM_BLOCK_TYPE                     ; AUTO                 ; Untyped                       ;
; BYTE_SIZE                          ; 8                    ; Untyped                       ;
; READ_DURING_WRITE_MODE_MIXED_PORTS ; DONT_CARE            ; Untyped                       ;
; READ_DURING_WRITE_MODE_PORT_A      ; NEW_DATA_NO_NBE_READ ; Untyped                       ;
; READ_DURING_WRITE_MODE_PORT_B      ; NEW_DATA_NO_NBE_READ ; Untyped                       ;
; INIT_FILE                          ; imem.mif             ; Untyped                       ;
; INIT_FILE_LAYOUT                   ; PORT_A               ; Untyped                       ;
; MAXIMUM_DEPTH                      ; 0                    ; Untyped                       ;
; CLOCK_ENABLE_INPUT_A               ; BYPASS               ; Untyped                       ;
; CLOCK_ENABLE_INPUT_B               ; NORMAL               ; Untyped                       ;
; CLOCK_ENABLE_OUTPUT_A              ; BYPASS               ; Untyped                       ;
; CLOCK_ENABLE_OUTPUT_B              ; NORMAL               ; Untyped                       ;
; CLOCK_ENABLE_CORE_A                ; USE_INPUT_CLKEN      ; Untyped                       ;
; CLOCK_ENABLE_CORE_B                ; USE_INPUT_CLKEN      ; Untyped                       ;
; ENABLE_ECC                         ; FALSE                ; Untyped                       ;
; ECC_PIPELINE_STAGE_ENABLED         ; FALSE                ; Untyped                       ;
; WIDTH_ECCSTATUS                    ; 3                    ; Untyped                       ;
; DEVICE_FAMILY                      ; Cyclone IV E         ; Untyped                       ;
; CBXI_PARAMETER                     ; altsyncram_m591      ; Untyped                       ;
+------------------------------------+----------------------+-------------------------------+
Note: In order to hide this table in the UI and the text report file, please set the "Show Parameter Settings in Synthesis Report" option in "Analysis and Synthesis Settings -> More Settings" to "Off".


+-------------------------------------------------------------------------------------------+
; Parameter Settings for User Entity Instance: dmem:my_dmem|altsyncram:altsyncram_component ;
+------------------------------------+----------------------+-------------------------------+
; Parameter Name                     ; Value                ; Type                          ;
+------------------------------------+----------------------+-------------------------------+
; BYTE_SIZE_BLOCK                    ; 8                    ; Untyped                       ;
; AUTO_CARRY_CHAINS                  ; ON                   ; AUTO_CARRY                    ;
; IGNORE_CARRY_BUFFERS               ; OFF                  ; IGNORE_CARRY                  ;
; AUTO_CASCADE_CHAINS                ; ON                   ; AUTO_CASCADE                  ;
; IGNORE_CASCADE_BUFFERS             ; OFF                  ; IGNORE_CASCADE                ;
; WIDTH_BYTEENA                      ; 1                    ; Untyped                       ;
; OPERATION_MODE                     ; SINGLE_PORT          ; Untyped                       ;
; WIDTH_A                            ; 32                   ; Signed Integer                ;
; WIDTHAD_A                          ; 12                   ; Signed Integer                ;
; NUMWORDS_A                         ; 4096                 ; Signed Integer                ;
; OUTDATA_REG_A                      ; CLOCK0               ; Untyped                       ;
; ADDRESS_ACLR_A                     ; NONE                 ; Untyped                       ;
; OUTDATA_ACLR_A                     ; NONE                 ; Untyped                       ;
; WRCONTROL_ACLR_A                   ; NONE                 ; Untyped                       ;
; INDATA_ACLR_A                      ; NONE                 ; Untyped                       ;
; BYTEENA_ACLR_A                     ; NONE                 ; Untyped                       ;
; WIDTH_B                            ; 1                    ; Untyped                       ;
; WIDTHAD_B                          ; 1                    ; Untyped                       ;
; NUMWORDS_B                         ; 1                    ; Untyped                       ;
; INDATA_REG_B                       ; CLOCK1               ; Untyped                       ;
; WRCONTROL_WRADDRESS_REG_B          ; CLOCK1               ; Untyped                       ;
; RDCONTROL_REG_B                    ; CLOCK1               ; Untyped                       ;
; ADDRESS_REG_B                      ; CLOCK1               ; Untyped                       ;
; OUTDATA_REG_B                      ; UNREGISTERED         ; Untyped                       ;
; BYTEENA_REG_B                      ; CLOCK1               ; Untyped                       ;
; INDATA_ACLR_B                      ; NONE                 ; Untyped                       ;
; WRCONTROL_ACLR_B                   ; NONE                 ; Untyped                       ;
; ADDRESS_ACLR_B                     ; NONE                 ; Untyped                       ;
; OUTDATA_ACLR_B                     ; NONE                 ; Untyped                       ;
; RDCONTROL_ACLR_B                   ; NONE                 ; Untyped                       ;
; BYTEENA_ACLR_B                     ; NONE                 ; Untyped                       ;
; WIDTH_BYTEENA_A                    ; 1                    ; Signed Integer                ;
; WIDTH_BYTEENA_B                    ; 1                    ; Untyped                       ;
; RAM_BLOCK_TYPE                     ; AUTO                 ; Untyped                       ;
; BYTE_SIZE                          ; 8                    ; Untyped                       ;
; READ_DURING_WRITE_MODE_MIXED_PORTS ; DONT_CARE            ; Untyped                       ;
; READ_DURING_WRITE_MODE_PORT_A      ; NEW_DATA_NO_NBE_READ ; Untyped                       ;
; READ_DURING_WRITE_MODE_PORT_B      ; NEW_DATA_NO_NBE_READ ; Untyped                       ;
; INIT_FILE                          ; dmem.mif             ; Untyped                       ;
; INIT_FILE_LAYOUT                   ; PORT_A               ; Untyped                       ;
; MAXIMUM_DEPTH                      ; 0                    ; Untyped                       ;
; CLOCK_ENABLE_INPUT_A               ; BYPASS               ; Untyped                       ;
; CLOCK_ENABLE_INPUT_B               ; NORMAL               ; Untyped                       ;
; CLOCK_ENABLE_OUTPUT_A              ; BYPASS               ; Untyped                       ;
; CLOCK_ENABLE_OUTPUT_B              ; NORMAL               ; Untyped                       ;
; CLOCK_ENABLE_CORE_A                ; USE_INPUT_CLKEN      ; Untyped                       ;
; CLOCK_ENABLE_CORE_B                ; USE_INPUT_CLKEN      ; Untyped                       ;
; ENABLE_ECC                         ; FALSE                ; Untyped                       ;
; ECC_PIPELINE_STAGE_ENABLED         ; FALSE                ; Untyped                       ;
; WIDTH_ECCSTATUS                    ; 3                    ; Untyped                       ;
; DEVICE_FAMILY                      ; Cyclone IV E         ; Untyped                       ;
; CBXI_PARAMETER                     ; altsyncram_1eh1      ; Untyped                       ;
+------------------------------------+----------------------+-------------------------------+
Note: In order to hide this table in the UI and the text report file, please set the "Show Parameter Settings in Synthesis Report" option in "Analysis and Synthesis Settings -> More Settings" to "Off".


+------------------------------------------------------------------------------------------+
; altsyncram Parameter Settings by Entity Instance                                         ;
+-------------------------------------------+----------------------------------------------+
; Name                                      ; Value                                        ;
+-------------------------------------------+----------------------------------------------+
; Number of entity instances                ; 2                                            ;
; Entity Instance                           ; imem:my_imem|altsyncram:altsyncram_component ;
;     -- OPERATION_MODE                     ; ROM                                          ;
;     -- WIDTH_A                            ; 32                                           ;
;     -- NUMWORDS_A                         ; 4096                                         ;
;     -- OUTDATA_REG_A                      ; CLOCK0                                       ;
;     -- WIDTH_B                            ; 1                                            ;
;     -- NUMWORDS_B                         ; 1                                            ;
;     -- ADDRESS_REG_B                      ; CLOCK1                                       ;
;     -- OUTDATA_REG_B                      ; UNREGISTERED                                 ;
;     -- RAM_BLOCK_TYPE                     ; AUTO                                         ;
;     -- READ_DURING_WRITE_MODE_MIXED_PORTS ; DONT_CARE                                    ;
; Entity Instance                           ; dmem:my_dmem|altsyncram:altsyncram_component ;
;     -- OPERATION_MODE                     ; SINGLE_PORT                                  ;
;     -- WIDTH_A                            ; 32                                           ;
;     -- NUMWORDS_A                         ; 4096                                         ;
;     -- OUTDATA_REG_A                      ; CLOCK0                                       ;
;     -- WIDTH_B                            ; 1                                            ;
;     -- NUMWORDS_B                         ; 1                                            ;
;     -- ADDRESS_REG_B                      ; CLOCK1                                       ;
;     -- OUTDATA_REG_B                      ; UNREGISTERED                                 ;
;     -- RAM_BLOCK_TYPE                     ; AUTO                                         ;
;     -- READ_DURING_WRITE_MODE_MIXED_PORTS ; DONT_CARE                                    ;
+-------------------------------------------+----------------------------------------------+


+-----------------------------------------------------------------------------------------------------------------------------------------------------------------------------------------------------------------------+
; Port Connectivity Checks: "processor:my_processor|alu:Alu"                                                                                                                                                            ;
+----------------+--------+----------+----------------------------------------------------------------------------------------------------------------------------------------------------------------------------------+
; Port           ; Type   ; Severity ; Details                                                                                                                                                                          ;
+----------------+--------+----------+----------------------------------------------------------------------------------------------------------------------------------------------------------------------------------+
; ctrl_ALUopcode ; Input  ; Warning  ; Input port expression (6 bits) is wider than the input port (5 bits) it drives.  The 1 most-significant bit(s) in the expression will be dangling if they have no other fanouts. ;
; isNotEqual     ; Output ; Info     ; Connected to dangling logic. Logic that only feeds a dangling port will be removed.                                                                                              ;
; isLessThan     ; Output ; Info     ; Connected to dangling logic. Logic that only feeds a dangling port will be removed.                                                                                              ;
; overflow       ; Output ; Info     ; Connected to dangling logic. Logic that only feeds a dangling port will be removed.                                                                                              ;
+----------------+--------+----------+----------------------------------------------------------------------------------------------------------------------------------------------------------------------------------+


+------------------------------------------------------------------------------------------------------------------------+
; Port Connectivity Checks: "processor:my_processor"                                                                     ;
+--------------+--------+----------+-------------------------------------------------------------------------------------+
; Port         ; Type   ; Severity ; Details                                                                             ;
+--------------+--------+----------+-------------------------------------------------------------------------------------+
; address_dmem ; Output ; Info     ; Connected to dangling logic. Logic that only feeds a dangling port will be removed. ;
; data         ; Output ; Info     ; Connected to dangling logic. Logic that only feeds a dangling port will be removed. ;
; wren         ; Output ; Info     ; Connected to dangling logic. Logic that only feeds a dangling port will be removed. ;
+--------------+--------+----------+-------------------------------------------------------------------------------------+


+------------------------------------------------------+
; Port Connectivity Checks: "dmem:my_dmem"             ;
+---------+--------+----------+------------------------+
; Port    ; Type   ; Severity ; Details                ;
+---------+--------+----------+------------------------+
; address ; Input  ; Info     ; Explicitly unconnected ;
; data    ; Input  ; Info     ; Explicitly unconnected ;
; wren    ; Input  ; Info     ; Explicitly unconnected ;
; q       ; Output ; Info     ; Explicitly unconnected ;
+---------+--------+----------+------------------------+


+-----------------------------------------------------+
; Post-Synthesis Netlist Statistics for Top Partition ;
+-----------------------+-----------------------------+
; Type                  ; Count                       ;
+-----------------------+-----------------------------+
; boundary_port         ; 6                           ;
; cycloneiii_ff         ; 2                           ;
;     plain             ; 2                           ;
; cycloneiii_lcell_comb ; 4                           ;
;     normal            ; 4                           ;
;         1 data inputs ; 2                           ;
;         2 data inputs ; 2                           ;
;                       ;                             ;
; Max LUT depth         ; 1.00                        ;
; Average LUT depth     ; 0.88                        ;
+-----------------------+-----------------------------+


+-------------------------------+
; Elapsed Time Per Partition    ;
+----------------+--------------+
; Partition Name ; Elapsed Time ;
+----------------+--------------+
; Top            ; 00:00:00     ;
+----------------+--------------+


+-------------------------------+
; Analysis & Synthesis Messages ;
+-------------------------------+
Info: *******************************************************************
Info: Running Quartus Prime Analysis & Synthesis
    Info: Version 16.0.0 Build 211 04/27/2016 SJ Lite Edition
    Info: Processing started: Sun Oct 17 12:34:11 2021
Info: Command: quartus_map --read_settings_files=on --write_settings_files=off CPU -c CPU
Warning (18236): Number of processors has not been specified which may cause overloading on shared machines.  Set the global assignment NUM_PARALLEL_PROCESSORS in your QSF to an appropriate value for best performance.
Info (20030): Parallel compilation is enabled and will use 4 of the 4 processors detected
Info (12021): Found 1 design units, including 1 entities, in source file alu.v
    Info (12023): Found entity 1: alu File: C:/Users/86156/Documents/GitHub/ECE550_project1/Processor/alu.v Line: 1
Info (12021): Found 1 design units, including 1 entities, in source file regfile.v
    Info (12023): Found entity 1: regfile File: C:/Users/86156/Documents/GitHub/ECE550_project1/Processor/regfile.v Line: 1
Info (12021): Found 1 design units, including 1 entities, in source file skeleton.v
    Info (12023): Found entity 1: skeleton File: C:/Users/86156/Documents/GitHub/ECE550_project1/Processor/skeleton.v Line: 12
Info (12021): Found 1 design units, including 1 entities, in source file processor.v
    Info (12023): Found entity 1: processor File: C:/Users/86156/Documents/GitHub/ECE550_project1/Processor/processor.v Line: 50
Info (12021): Found 1 design units, including 1 entities, in source file imem.v
    Info (12023): Found entity 1: imem File: C:/Users/86156/Documents/GitHub/ECE550_project1/Processor/imem.v Line: 40
Info (12021): Found 1 design units, including 1 entities, in source file dmem.v
    Info (12023): Found entity 1: dmem File: C:/Users/86156/Documents/GitHub/ECE550_project1/Processor/dmem.v Line: 40
Info (12021): Found 1 design units, including 1 entities, in source file test.v
    Info (12023): Found entity 1: test File: C:/Users/86156/Documents/GitHub/ECE550_project1/Processor/test.v Line: 40
Info (12021): Found 1 design units, including 1 entities, in source file pc_counter.v
    Info (12023): Found entity 1: pc_counter File: C:/Users/86156/Documents/GitHub/ECE550_project1/Processor/pc_counter.v Line: 1
Info (12021): Found 1 design units, including 1 entities, in source file frequency_divider_by2.v
    Info (12023): Found entity 1: frequency_divider_by2 File: C:/Users/86156/Documents/GitHub/ECE550_project1/Processor/frequency_divider_by2.v Line: 1
Info (12127): Elaborating entity "skeleton" for the top level hierarchy
Info (12128): Elaborating entity "frequency_divider_by2" for hierarchy "frequency_divider_by2:frediv_1" File: C:/Users/86156/Documents/GitHub/ECE550_project1/Processor/skeleton.v Line: 23
Info (12128): Elaborating entity "imem" for hierarchy "imem:my_imem" File: C:/Users/86156/Documents/GitHub/ECE550_project1/Processor/skeleton.v Line: 44
Info (12128): Elaborating entity "altsyncram" for hierarchy "imem:my_imem|altsyncram:altsyncram_component" File: C:/Users/86156/Documents/GitHub/ECE550_project1/Processor/imem.v Line: 82
Info (12130): Elaborated megafunction instantiation "imem:my_imem|altsyncram:altsyncram_component" File: C:/Users/86156/Documents/GitHub/ECE550_project1/Processor/imem.v Line: 82
Info (12133): Instantiated megafunction "imem:my_imem|altsyncram:altsyncram_component" with the following parameter: File: C:/Users/86156/Documents/GitHub/ECE550_project1/Processor/imem.v Line: 82
    Info (12134): Parameter "address_aclr_a" = "NONE"
    Info (12134): Parameter "clock_enable_input_a" = "BYPASS"
    Info (12134): Parameter "clock_enable_output_a" = "BYPASS"
    Info (12134): Parameter "init_file" = "imem.mif"
    Info (12134): Parameter "intended_device_family" = "Cyclone IV E"
    Info (12134): Parameter "lpm_hint" = "ENABLE_RUNTIME_MOD=NO"
    Info (12134): Parameter "lpm_type" = "altsyncram"
    Info (12134): Parameter "numwords_a" = "4096"
    Info (12134): Parameter "operation_mode" = "ROM"
    Info (12134): Parameter "outdata_aclr_a" = "NONE"
    Info (12134): Parameter "outdata_reg_a" = "CLOCK0"
    Info (12134): Parameter "widthad_a" = "12"
    Info (12134): Parameter "width_a" = "32"
    Info (12134): Parameter "width_byteena_a" = "1"
Info (12021): Found 1 design units, including 1 entities, in source file db/altsyncram_m591.tdf
    Info (12023): Found entity 1: altsyncram_m591 File: C:/Users/86156/Documents/GitHub/ECE550_project1/Processor/db/altsyncram_m591.tdf Line: 28
Info (12128): Elaborating entity "altsyncram_m591" for hierarchy "imem:my_imem|altsyncram:altsyncram_component|altsyncram_m591:auto_generated" File: d:/softwares/quartus/quartus/libraries/megafunctions/altsyncram.tdf Line: 792
Info (12128): Elaborating entity "dmem" for hierarchy "dmem:my_dmem" File: C:/Users/86156/Documents/GitHub/ECE550_project1/Processor/skeleton.v Line: 59
Info (12128): Elaborating entity "altsyncram" for hierarchy "dmem:my_dmem|altsyncram:altsyncram_component" File: C:/Users/86156/Documents/GitHub/ECE550_project1/Processor/dmem.v Line: 86
Info (12130): Elaborated megafunction instantiation "dmem:my_dmem|altsyncram:altsyncram_component" File: C:/Users/86156/Documents/GitHub/ECE550_project1/Processor/dmem.v Line: 86
Info (12133): Instantiated megafunction "dmem:my_dmem|altsyncram:altsyncram_component" with the following parameter: File: C:/Users/86156/Documents/GitHub/ECE550_project1/Processor/dmem.v Line: 86
    Info (12134): Parameter "clock_enable_input_a" = "BYPASS"
    Info (12134): Parameter "clock_enable_output_a" = "BYPASS"
    Info (12134): Parameter "init_file" = "dmem.mif"
    Info (12134): Parameter "intended_device_family" = "Cyclone IV E"
    Info (12134): Parameter "lpm_hint" = "ENABLE_RUNTIME_MOD=NO"
    Info (12134): Parameter "lpm_type" = "altsyncram"
    Info (12134): Parameter "numwords_a" = "4096"
    Info (12134): Parameter "operation_mode" = "SINGLE_PORT"
    Info (12134): Parameter "outdata_aclr_a" = "NONE"
    Info (12134): Parameter "outdata_reg_a" = "CLOCK0"
    Info (12134): Parameter "power_up_uninitialized" = "FALSE"
    Info (12134): Parameter "read_during_write_mode_port_a" = "NEW_DATA_NO_NBE_READ"
    Info (12134): Parameter "widthad_a" = "12"
    Info (12134): Parameter "width_a" = "32"
    Info (12134): Parameter "width_byteena_a" = "1"
Info (12021): Found 1 design units, including 1 entities, in source file db/altsyncram_1eh1.tdf
    Info (12023): Found entity 1: altsyncram_1eh1 File: C:/Users/86156/Documents/GitHub/ECE550_project1/Processor/db/altsyncram_1eh1.tdf Line: 28
Info (12128): Elaborating entity "altsyncram_1eh1" for hierarchy "dmem:my_dmem|altsyncram:altsyncram_component|altsyncram_1eh1:auto_generated" File: d:/softwares/quartus/quartus/libraries/megafunctions/altsyncram.tdf Line: 792
Info (12128): Elaborating entity "regfile" for hierarchy "regfile:my_regfile" File: C:/Users/86156/Documents/GitHub/ECE550_project1/Processor/skeleton.v Line: 77
Info (12128): Elaborating entity "processor" for hierarchy "processor:my_processor" File: C:/Users/86156/Documents/GitHub/ECE550_project1/Processor/skeleton.v Line: 103
Warning (10034): Output port "address_dmem" at processor.v(82) has no driver File: C:/Users/86156/Documents/GitHub/ECE550_project1/Processor/processor.v Line: 82
Warning (10034): Output port "data" at processor.v(83) has no driver File: C:/Users/86156/Documents/GitHub/ECE550_project1/Processor/processor.v Line: 83
Warning (10034): Output port "wren" at processor.v(84) has no driver File: C:/Users/86156/Documents/GitHub/ECE550_project1/Processor/processor.v Line: 84
Warning (10034): Output port "ctrl_writeEnable" at processor.v(88) has no driver File: C:/Users/86156/Documents/GitHub/ECE550_project1/Processor/processor.v Line: 88
Info (12128): Elaborating entity "pc_counter" for hierarchy "processor:my_processor|pc_counter:Pc_counter" File: C:/Users/86156/Documents/GitHub/ECE550_project1/Processor/processor.v Line: 103
Warning (10230): Verilog HDL assignment warning at pc_counter.v(13): truncated value with size 32 to match size of target (12) File: C:/Users/86156/Documents/GitHub/ECE550_project1/Processor/pc_counter.v Line: 13
Info (12128): Elaborating entity "alu" for hierarchy "processor:my_processor|alu:Alu" File: C:/Users/86156/Documents/GitHub/ECE550_project1/Processor/processor.v Line: 124
Warning (10270): Verilog HDL Case Statement warning at alu.v(25): incomplete case statement has no default case item File: C:/Users/86156/Documents/GitHub/ECE550_project1/Processor/alu.v Line: 25
Warning (14284): Synthesized away the following node(s):
    Warning (14285): Synthesized away the following RAM node(s):
        Warning (14320): Synthesized away node "dmem:my_dmem|altsyncram:altsyncram_component|altsyncram_1eh1:auto_generated|q_a[0]" File: C:/Users/86156/Documents/GitHub/ECE550_project1/Processor/db/altsyncram_1eh1.tdf Line: 37
        Warning (14320): Synthesized away node "dmem:my_dmem|altsyncram:altsyncram_component|altsyncram_1eh1:auto_generated|q_a[1]" File: C:/Users/86156/Documents/GitHub/ECE550_project1/Processor/db/altsyncram_1eh1.tdf Line: 62
        Warning (14320): Synthesized away node "dmem:my_dmem|altsyncram:altsyncram_component|altsyncram_1eh1:auto_generated|q_a[2]" File: C:/Users/86156/Documents/GitHub/ECE550_project1/Processor/db/altsyncram_1eh1.tdf Line: 87
        Warning (14320): Synthesized away node "dmem:my_dmem|altsyncram:altsyncram_component|altsyncram_1eh1:auto_generated|q_a[3]" File: C:/Users/86156/Documents/GitHub/ECE550_project1/Processor/db/altsyncram_1eh1.tdf Line: 112
        Warning (14320): Synthesized away node "dmem:my_dmem|altsyncram:altsyncram_component|altsyncram_1eh1:auto_generated|q_a[4]" File: C:/Users/86156/Documents/GitHub/ECE550_project1/Processor/db/altsyncram_1eh1.tdf Line: 137
        Warning (14320): Synthesized away node "dmem:my_dmem|altsyncram:altsyncram_component|altsyncram_1eh1:auto_generated|q_a[5]" File: C:/Users/86156/Documents/GitHub/ECE550_project1/Processor/db/altsyncram_1eh1.tdf Line: 162
        Warning (14320): Synthesized away node "dmem:my_dmem|altsyncram:altsyncram_component|altsyncram_1eh1:auto_generated|q_a[6]" File: C:/Users/86156/Documents/GitHub/ECE550_project1/Processor/db/altsyncram_1eh1.tdf Line: 187
        Warning (14320): Synthesized away node "dmem:my_dmem|altsyncram:altsyncram_component|altsyncram_1eh1:auto_generated|q_a[7]" File: C:/Users/86156/Documents/GitHub/ECE550_project1/Processor/db/altsyncram_1eh1.tdf Line: 212
        Warning (14320): Synthesized away node "dmem:my_dmem|altsyncram:altsyncram_component|altsyncram_1eh1:auto_generated|q_a[8]" File: C:/Users/86156/Documents/GitHub/ECE550_project1/Processor/db/altsyncram_1eh1.tdf Line: 237
        Warning (14320): Synthesized away node "dmem:my_dmem|altsyncram:altsyncram_component|altsyncram_1eh1:auto_generated|q_a[9]" File: C:/Users/86156/Documents/GitHub/ECE550_project1/Processor/db/altsyncram_1eh1.tdf Line: 262
        Warning (14320): Synthesized away node "dmem:my_dmem|altsyncram:altsyncram_component|altsyncram_1eh1:auto_generated|q_a[10]" File: C:/Users/86156/Documents/GitHub/ECE550_project1/Processor/db/altsyncram_1eh1.tdf Line: 287
        Warning (14320): Synthesized away node "dmem:my_dmem|altsyncram:altsyncram_component|altsyncram_1eh1:auto_generated|q_a[11]" File: C:/Users/86156/Documents/GitHub/ECE550_project1/Processor/db/altsyncram_1eh1.tdf Line: 312
        Warning (14320): Synthesized away node "dmem:my_dmem|altsyncram:altsyncram_component|altsyncram_1eh1:auto_generated|q_a[12]" File: C:/Users/86156/Documents/GitHub/ECE550_project1/Processor/db/altsyncram_1eh1.tdf Line: 337
        Warning (14320): Synthesized away node "dmem:my_dmem|altsyncram:altsyncram_component|altsyncram_1eh1:auto_generated|q_a[13]" File: C:/Users/86156/Documents/GitHub/ECE550_project1/Processor/db/altsyncram_1eh1.tdf Line: 362
        Warning (14320): Synthesized away node "dmem:my_dmem|altsyncram:altsyncram_component|altsyncram_1eh1:auto_generated|q_a[14]" File: C:/Users/86156/Documents/GitHub/ECE550_project1/Processor/db/altsyncram_1eh1.tdf Line: 387
        Warning (14320): Synthesized away node "dmem:my_dmem|altsyncram:altsyncram_component|altsyncram_1eh1:auto_generated|q_a[15]" File: C:/Users/86156/Documents/GitHub/ECE550_project1/Processor/db/altsyncram_1eh1.tdf Line: 412
        Warning (14320): Synthesized away node "dmem:my_dmem|altsyncram:altsyncram_component|altsyncram_1eh1:auto_generated|q_a[16]" File: C:/Users/86156/Documents/GitHub/ECE550_project1/Processor/db/altsyncram_1eh1.tdf Line: 437
        Warning (14320): Synthesized away node "dmem:my_dmem|altsyncram:altsyncram_component|altsyncram_1eh1:auto_generated|q_a[17]" File: C:/Users/86156/Documents/GitHub/ECE550_project1/Processor/db/altsyncram_1eh1.tdf Line: 462
        Warning (14320): Synthesized away node "dmem:my_dmem|altsyncram:altsyncram_component|altsyncram_1eh1:auto_generated|q_a[18]" File: C:/Users/86156/Documents/GitHub/ECE550_project1/Processor/db/altsyncram_1eh1.tdf Line: 487
        Warning (14320): Synthesized away node "dmem:my_dmem|altsyncram:altsyncram_component|altsyncram_1eh1:auto_generated|q_a[19]" File: C:/Users/86156/Documents/GitHub/ECE550_project1/Processor/db/altsyncram_1eh1.tdf Line: 512
        Warning (14320): Synthesized away node "dmem:my_dmem|altsyncram:altsyncram_component|altsyncram_1eh1:auto_generated|q_a[20]" File: C:/Users/86156/Documents/GitHub/ECE550_project1/Processor/db/altsyncram_1eh1.tdf Line: 537
        Warning (14320): Synthesized away node "dmem:my_dmem|altsyncram:altsyncram_component|altsyncram_1eh1:auto_generated|q_a[21]" File: C:/Users/86156/Documents/GitHub/ECE550_project1/Processor/db/altsyncram_1eh1.tdf Line: 562
        Warning (14320): Synthesized away node "dmem:my_dmem|altsyncram:altsyncram_component|altsyncram_1eh1:auto_generated|q_a[22]" File: C:/Users/86156/Documents/GitHub/ECE550_project1/Processor/db/altsyncram_1eh1.tdf Line: 587
        Warning (14320): Synthesized away node "dmem:my_dmem|altsyncram:altsyncram_component|altsyncram_1eh1:auto_generated|q_a[23]" File: C:/Users/86156/Documents/GitHub/ECE550_project1/Processor/db/altsyncram_1eh1.tdf Line: 612
        Warning (14320): Synthesized away node "dmem:my_dmem|altsyncram:altsyncram_component|altsyncram_1eh1:auto_generated|q_a[24]" File: C:/Users/86156/Documents/GitHub/ECE550_project1/Processor/db/altsyncram_1eh1.tdf Line: 637
        Warning (14320): Synthesized away node "dmem:my_dmem|altsyncram:altsyncram_component|altsyncram_1eh1:auto_generated|q_a[25]" File: C:/Users/86156/Documents/GitHub/ECE550_project1/Processor/db/altsyncram_1eh1.tdf Line: 662
        Warning (14320): Synthesized away node "dmem:my_dmem|altsyncram:altsyncram_component|altsyncram_1eh1:auto_generated|q_a[26]" File: C:/Users/86156/Documents/GitHub/ECE550_project1/Processor/db/altsyncram_1eh1.tdf Line: 687
        Warning (14320): Synthesized away node "dmem:my_dmem|altsyncram:altsyncram_component|altsyncram_1eh1:auto_generated|q_a[27]" File: C:/Users/86156/Documents/GitHub/ECE550_project1/Processor/db/altsyncram_1eh1.tdf Line: 712
        Warning (14320): Synthesized away node "dmem:my_dmem|altsyncram:altsyncram_component|altsyncram_1eh1:auto_generated|q_a[28]" File: C:/Users/86156/Documents/GitHub/ECE550_project1/Processor/db/altsyncram_1eh1.tdf Line: 737
        Warning (14320): Synthesized away node "dmem:my_dmem|altsyncram:altsyncram_component|altsyncram_1eh1:auto_generated|q_a[29]" File: C:/Users/86156/Documents/GitHub/ECE550_project1/Processor/db/altsyncram_1eh1.tdf Line: 762
        Warning (14320): Synthesized away node "dmem:my_dmem|altsyncram:altsyncram_component|altsyncram_1eh1:auto_generated|q_a[30]" File: C:/Users/86156/Documents/GitHub/ECE550_project1/Processor/db/altsyncram_1eh1.tdf Line: 787
        Warning (14320): Synthesized away node "dmem:my_dmem|altsyncram:altsyncram_component|altsyncram_1eh1:auto_generated|q_a[31]" File: C:/Users/86156/Documents/GitHub/ECE550_project1/Processor/db/altsyncram_1eh1.tdf Line: 812
        Warning (14320): Synthesized away node "imem:my_imem|altsyncram:altsyncram_component|altsyncram_m591:auto_generated|q_a[0]" File: C:/Users/86156/Documents/GitHub/ECE550_project1/Processor/db/altsyncram_m591.tdf Line: 35
        Warning (14320): Synthesized away node "imem:my_imem|altsyncram:altsyncram_component|altsyncram_m591:auto_generated|q_a[1]" File: C:/Users/86156/Documents/GitHub/ECE550_project1/Processor/db/altsyncram_m591.tdf Line: 57
        Warning (14320): Synthesized away node "imem:my_imem|altsyncram:altsyncram_component|altsyncram_m591:auto_generated|q_a[2]" File: C:/Users/86156/Documents/GitHub/ECE550_project1/Processor/db/altsyncram_m591.tdf Line: 79
        Warning (14320): Synthesized away node "imem:my_imem|altsyncram:altsyncram_component|altsyncram_m591:auto_generated|q_a[3]" File: C:/Users/86156/Documents/GitHub/ECE550_project1/Processor/db/altsyncram_m591.tdf Line: 101
        Warning (14320): Synthesized away node "imem:my_imem|altsyncram:altsyncram_component|altsyncram_m591:auto_generated|q_a[4]" File: C:/Users/86156/Documents/GitHub/ECE550_project1/Processor/db/altsyncram_m591.tdf Line: 123
        Warning (14320): Synthesized away node "imem:my_imem|altsyncram:altsyncram_component|altsyncram_m591:auto_generated|q_a[5]" File: C:/Users/86156/Documents/GitHub/ECE550_project1/Processor/db/altsyncram_m591.tdf Line: 145
        Warning (14320): Synthesized away node "imem:my_imem|altsyncram:altsyncram_component|altsyncram_m591:auto_generated|q_a[6]" File: C:/Users/86156/Documents/GitHub/ECE550_project1/Processor/db/altsyncram_m591.tdf Line: 167
        Warning (14320): Synthesized away node "imem:my_imem|altsyncram:altsyncram_component|altsyncram_m591:auto_generated|q_a[7]" File: C:/Users/86156/Documents/GitHub/ECE550_project1/Processor/db/altsyncram_m591.tdf Line: 189
        Warning (14320): Synthesized away node "imem:my_imem|altsyncram:altsyncram_component|altsyncram_m591:auto_generated|q_a[8]" File: C:/Users/86156/Documents/GitHub/ECE550_project1/Processor/db/altsyncram_m591.tdf Line: 211
        Warning (14320): Synthesized away node "imem:my_imem|altsyncram:altsyncram_component|altsyncram_m591:auto_generated|q_a[9]" File: C:/Users/86156/Documents/GitHub/ECE550_project1/Processor/db/altsyncram_m591.tdf Line: 233
        Warning (14320): Synthesized away node "imem:my_imem|altsyncram:altsyncram_component|altsyncram_m591:auto_generated|q_a[10]" File: C:/Users/86156/Documents/GitHub/ECE550_project1/Processor/db/altsyncram_m591.tdf Line: 255
        Warning (14320): Synthesized away node "imem:my_imem|altsyncram:altsyncram_component|altsyncram_m591:auto_generated|q_a[11]" File: C:/Users/86156/Documents/GitHub/ECE550_project1/Processor/db/altsyncram_m591.tdf Line: 277
        Warning (14320): Synthesized away node "imem:my_imem|altsyncram:altsyncram_component|altsyncram_m591:auto_generated|q_a[12]" File: C:/Users/86156/Documents/GitHub/ECE550_project1/Processor/db/altsyncram_m591.tdf Line: 299
        Warning (14320): Synthesized away node "imem:my_imem|altsyncram:altsyncram_component|altsyncram_m591:auto_generated|q_a[13]" File: C:/Users/86156/Documents/GitHub/ECE550_project1/Processor/db/altsyncram_m591.tdf Line: 321
        Warning (14320): Synthesized away node "imem:my_imem|altsyncram:altsyncram_component|altsyncram_m591:auto_generated|q_a[14]" File: C:/Users/86156/Documents/GitHub/ECE550_project1/Processor/db/altsyncram_m591.tdf Line: 343
        Warning (14320): Synthesized away node "imem:my_imem|altsyncram:altsyncram_component|altsyncram_m591:auto_generated|q_a[15]" File: C:/Users/86156/Documents/GitHub/ECE550_project1/Processor/db/altsyncram_m591.tdf Line: 365
        Warning (14320): Synthesized away node "imem:my_imem|altsyncram:altsyncram_component|altsyncram_m591:auto_generated|q_a[16]" File: C:/Users/86156/Documents/GitHub/ECE550_project1/Processor/db/altsyncram_m591.tdf Line: 387
        Warning (14320): Synthesized away node "imem:my_imem|altsyncram:altsyncram_component|altsyncram_m591:auto_generated|q_a[17]" File: C:/Users/86156/Documents/GitHub/ECE550_project1/Processor/db/altsyncram_m591.tdf Line: 409
        Warning (14320): Synthesized away node "imem:my_imem|altsyncram:altsyncram_component|altsyncram_m591:auto_generated|q_a[18]" File: C:/Users/86156/Documents/GitHub/ECE550_project1/Processor/db/altsyncram_m591.tdf Line: 431
        Warning (14320): Synthesized away node "imem:my_imem|altsyncram:altsyncram_component|altsyncram_m591:auto_generated|q_a[19]" File: C:/Users/86156/Documents/GitHub/ECE550_project1/Processor/db/altsyncram_m591.tdf Line: 453
        Warning (14320): Synthesized away node "imem:my_imem|altsyncram:altsyncram_component|altsyncram_m591:auto_generated|q_a[20]" File: C:/Users/86156/Documents/GitHub/ECE550_project1/Processor/db/altsyncram_m591.tdf Line: 475
        Warning (14320): Synthesized away node "imem:my_imem|altsyncram:altsyncram_component|altsyncram_m591:auto_generated|q_a[21]" File: C:/Users/86156/Documents/GitHub/ECE550_project1/Processor/db/altsyncram_m591.tdf Line: 497
        Warning (14320): Synthesized away node "imem:my_imem|altsyncram:altsyncram_component|altsyncram_m591:auto_generated|q_a[22]" File: C:/Users/86156/Documents/GitHub/ECE550_project1/Processor/db/altsyncram_m591.tdf Line: 519
        Warning (14320): Synthesized away node "imem:my_imem|altsyncram:altsyncram_component|altsyncram_m591:auto_generated|q_a[23]" File: C:/Users/86156/Documents/GitHub/ECE550_project1/Processor/db/altsyncram_m591.tdf Line: 541
        Warning (14320): Synthesized away node "imem:my_imem|altsyncram:altsyncram_component|altsyncram_m591:auto_generated|q_a[24]" File: C:/Users/86156/Documents/GitHub/ECE550_project1/Processor/db/altsyncram_m591.tdf Line: 563
        Warning (14320): Synthesized away node "imem:my_imem|altsyncram:altsyncram_component|altsyncram_m591:auto_generated|q_a[25]" File: C:/Users/86156/Documents/GitHub/ECE550_project1/Processor/db/altsyncram_m591.tdf Line: 585
        Warning (14320): Synthesized away node "imem:my_imem|altsyncram:altsyncram_component|altsyncram_m591:auto_generated|q_a[26]" File: C:/Users/86156/Documents/GitHub/ECE550_project1/Processor/db/altsyncram_m591.tdf Line: 607
        Warning (14320): Synthesized away node "imem:my_imem|altsyncram:altsyncram_component|altsyncram_m591:auto_generated|q_a[27]" File: C:/Users/86156/Documents/GitHub/ECE550_project1/Processor/db/altsyncram_m591.tdf Line: 629
        Warning (14320): Synthesized away node "imem:my_imem|altsyncram:altsyncram_component|altsyncram_m591:auto_generated|q_a[28]" File: C:/Users/86156/Documents/GitHub/ECE550_project1/Processor/db/altsyncram_m591.tdf Line: 651
        Warning (14320): Synthesized away node "imem:my_imem|altsyncram:altsyncram_component|altsyncram_m591:auto_generated|q_a[29]" File: C:/Users/86156/Documents/GitHub/ECE550_project1/Processor/db/altsyncram_m591.tdf Line: 673
        Warning (14320): Synthesized away node "imem:my_imem|altsyncram:altsyncram_component|altsyncram_m591:auto_generated|q_a[30]" File: C:/Users/86156/Documents/GitHub/ECE550_project1/Processor/db/altsyncram_m591.tdf Line: 695
        Warning (14320): Synthesized away node "imem:my_imem|altsyncram:altsyncram_component|altsyncram_m591:auto_generated|q_a[31]" File: C:/Users/86156/Documents/GitHub/ECE550_project1/Processor/db/altsyncram_m591.tdf Line: 717
Warning (12241): 1 hierarchies have connectivity warnings - see the Connectivity Checks report folder
Info (286030): Timing-Driven Synthesis is running
Info (17049): 12 registers lost all their fanouts during netlist optimizations.
Info (144001): Generated suppressed messages file C:/Users/86156/Documents/GitHub/ECE550_project1/Processor/output_files/CPU.map.smsg
Info (16010): Generating hard_block partition "hard_block:auto_generated_inst"
    Info (16011): Adding 0 node(s), including 0 DDIO, 0 PLL, 0 transceiver and 0 LCELL
Info (21057): Implemented 8 device resources after synthesis - the final resource count might be different
    Info (21058): Implemented 2 input pins
    Info (21059): Implemented 4 output pins
    Info (21061): Implemented 2 logic cells
Info: Quartus Prime Analysis & Synthesis was successful. 0 errors, 74 warnings
    Info: Peak virtual memory: 4991 megabytes
    Info: Processing ended: Sun Oct 17 12:34:20 2021
    Info: Elapsed time: 00:00:09
    Info: Total CPU time (on all processors): 00:00:19


+------------------------------------------+
; Analysis & Synthesis Suppressed Messages ;
+------------------------------------------+
The suppressed messages can be found in C:/Users/86156/Documents/GitHub/ECE550_project1/Processor/output_files/CPU.map.smsg.


