Assembler report for regfile
<<<<<<< HEAD
Thu Oct 07 19:06:21 2021
=======
Thu Oct 07 10:29:53 2021
>>>>>>> f7ff96b18fc0a81580d59c30d29958413a48dc26
Quartus Prime Version 16.0.0 Build 211 04/27/2016 SJ Lite Edition


---------------------
; Table of Contents ;
---------------------
  1. Legal Notice
  2. Assembler Summary
  3. Assembler Settings
  4. Assembler Generated Files
<<<<<<< HEAD
  5. Assembler Device Options: E:/ECE550_Project1/Reg-file/output_files/regfile.sof
=======
  5. Assembler Device Options: C:/Users/86156/Documents/GitHub/ECE550_project1/Reg-file/output_files/regfile.sof
>>>>>>> f7ff96b18fc0a81580d59c30d29958413a48dc26
  6. Assembler Messages



----------------
; Legal Notice ;
----------------
Copyright (C) 1991-2016 Altera Corporation. All rights reserved.
Your use of Altera Corporation's design tools, logic functions 
and other software and tools, and its AMPP partner logic 
functions, and any output files from any of the foregoing 
(including device programming or simulation files), and any 
associated documentation or information are expressly subject 
to the terms and conditions of the Altera Program License 
Subscription Agreement, the Altera Quartus Prime License Agreement,
the Altera MegaCore Function License Agreement, or other 
applicable license agreement, including, without limitation, 
that your use is for the sole purpose of programming logic 
devices manufactured by Altera and sold by Altera or its 
authorized distributors.  Please refer to the applicable 
agreement for further details.



+---------------------------------------------------------------+
; Assembler Summary                                             ;
+-----------------------+---------------------------------------+
<<<<<<< HEAD
; Assembler Status      ; Successful - Thu Oct 07 19:06:21 2021 ;
=======
; Assembler Status      ; Successful - Thu Oct 07 10:29:53 2021 ;
>>>>>>> f7ff96b18fc0a81580d59c30d29958413a48dc26
; Revision Name         ; regfile                               ;
; Top-level Entity Name ; regfile                               ;
; Family                ; Cyclone IV E                          ;
; Device                ; EP4CE115F29C7                         ;
+-----------------------+---------------------------------------+


+----------------------------------+
; Assembler Settings               ;
+--------+---------+---------------+
; Option ; Setting ; Default Value ;
+--------+---------+---------------+


<<<<<<< HEAD
+------------------------------------------------------+
; Assembler Generated Files                            ;
+------------------------------------------------------+
; File Name                                            ;
+------------------------------------------------------+
; E:/ECE550_Project1/Reg-file/output_files/regfile.sof ;
+------------------------------------------------------+


+--------------------------------------------------------------------------------+
; Assembler Device Options: E:/ECE550_Project1/Reg-file/output_files/regfile.sof ;
+----------------+---------------------------------------------------------------+
; Option         ; Setting                                                       ;
+----------------+---------------------------------------------------------------+
; Device         ; EP4CE115F29C7                                                 ;
; JTAG usercode  ; 0x0069E77A                                                    ;
; Checksum       ; 0x0069E77A                                                    ;
+----------------+---------------------------------------------------------------+
=======
+-----------------------------------------------------------------------------------+
; Assembler Generated Files                                                         ;
+-----------------------------------------------------------------------------------+
; File Name                                                                         ;
+-----------------------------------------------------------------------------------+
; C:/Users/86156/Documents/GitHub/ECE550_project1/Reg-file/output_files/regfile.sof ;
+-----------------------------------------------------------------------------------+


+-------------------------------------------------------------------------------------------------------------+
; Assembler Device Options: C:/Users/86156/Documents/GitHub/ECE550_project1/Reg-file/output_files/regfile.sof ;
+----------------+--------------------------------------------------------------------------------------------+
; Option         ; Setting                                                                                    ;
+----------------+--------------------------------------------------------------------------------------------+
; Device         ; EP4CE115F29C7                                                                              ;
; JTAG usercode  ; 0x0069E77A                                                                                 ;
; Checksum       ; 0x0069E77A                                                                                 ;
+----------------+--------------------------------------------------------------------------------------------+
>>>>>>> f7ff96b18fc0a81580d59c30d29958413a48dc26


+--------------------+
; Assembler Messages ;
+--------------------+
Info: *******************************************************************
Info: Running Quartus Prime Assembler
    Info: Version 16.0.0 Build 211 04/27/2016 SJ Lite Edition
<<<<<<< HEAD
    Info: Processing started: Thu Oct 07 19:06:17 2021
=======
    Info: Processing started: Thu Oct 07 10:29:50 2021
>>>>>>> f7ff96b18fc0a81580d59c30d29958413a48dc26
Info: Command: quartus_asm --read_settings_files=off --write_settings_files=off regfile -c regfile
Warning (18236): Number of processors has not been specified which may cause overloading on shared machines.  Set the global assignment NUM_PARALLEL_PROCESSORS in your QSF to an appropriate value for best performance.
Info (115031): Writing out detailed assembly data for power analysis
Info (115030): Assembler is generating device programming files
<<<<<<< HEAD
Info: Quartus Prime Assembler was successful. 0 errors, 0 warnings
    Info: Peak virtual memory: 4886 megabytes
    Info: Processing ended: Thu Oct 07 19:06:21 2021
    Info: Elapsed time: 00:00:04
    Info: Total CPU time (on all processors): 00:00:04
=======
Info: Quartus Prime Assembler was successful. 0 errors, 1 warning
    Info: Peak virtual memory: 4899 megabytes
    Info: Processing ended: Thu Oct 07 10:29:53 2021
    Info: Elapsed time: 00:00:03
    Info: Total CPU time (on all processors): 00:00:03
>>>>>>> f7ff96b18fc0a81580d59c30d29958413a48dc26


